Starting simulation check at lun 02 jun 2025 13:56:30 CEST
Simulation path: /home/radiofisica/hector/mytopassimulations/TOPAS_CellsNPs/work/CellColony-med0-cell0
Checking cell1...
Checking cell10...
Checking cell11...
Checking cell12...
Checking cell13...
Checking cell2...
Checking cell3...
Checking cell4...
Checking cell5...
Checking cell6...
Checking cell7...
Checking cell8...
Checking cell9...

Summary:
Total cells checked: 13
Total runs checked: 1300
Total missing DNADamage.phsp files: 0
Total successfully fixed: 0
Total failed after 5 attempts: 0
Finished at lun 02 jun 2025 13:56:31 CEST
