Starting simulation check at jue 19 jun 2025 09:40:59 CEST
Simulation path: /home/radiofisica/hector/mytopassimulations/TOPAS_CellsNPs/work/CellColony-med5-cell5
Checking cell1...
Checking cell10...
Checking cell11...
Checking cell12...
Checking cell13...
Checking cell14...
Checking cell15...
Checking cell16...
Checking cell17...
Checking cell18...
Checking cell19...
Checking cell2...
Checking cell20...
Checking cell21...
Checking cell22...
Checking cell23...
Checking cell24...
Checking cell25...
Checking cell26...
Checking cell27...
Checking cell28...
Checking cell29...
Checking cell3...
Checking cell30...
Checking cell31...
Checking cell32...
Checking cell33...
Checking cell34...
Checking cell35...
Checking cell36...
Checking cell37...
Checking cell38...
Checking cell39...
Checking cell4...
Checking cell40...
Checking cell5...
Checking cell6...
Checking cell7...
Checking cell8...
Checking cell9...

Summary:
Total cells checked: 40
Total runs checked: 4000
Total missing or empty DNADamage.phsp files: 0
Total successfully fixed: 0
Total failed after 20 attempts: 0
Finished at jue 19 jun 2025 09:41:03 CEST
